  [1m[35m (771.2ms)[0m  [1m[35mCREATE DATABASE "createSpace_development" ENCODING = 'unicode'[0m
  ↳ bin/rails:4
  [1m[35m (1082.9ms)[0m  [1m[35mCREATE DATABASE "createSpace_test" ENCODING = 'unicode'[0m
  ↳ bin/rails:4
Started GET "/" for 127.0.0.1 at 2018-05-25 10:12:22 -0400
Processing by Rails::WelcomeController#index as */*
  Rendering /usr/local/lib/ruby/gems/2.5.0/gems/railties-5.2.0/lib/rails/templates/rails/welcome/index.html.erb
  Rendered /usr/local/lib/ruby/gems/2.5.0/gems/railties-5.2.0/lib/rails/templates/rails/welcome/index.html.erb (7.5ms)
Completed 200 OK in 126ms (Views: 84.9ms | ActiveRecord: 0.0ms)


Started GET "/createspace" for 127.0.0.1 at 2018-05-25 10:12:30 -0400
  
ActionController::RoutingError (No route matches [GET] "/createspace"):
  
actionpack (5.2.0) lib/action_dispatch/middleware/debug_exceptions.rb:65:in `call'
actionpack (5.2.0) lib/action_dispatch/middleware/show_exceptions.rb:33:in `call'
railties (5.2.0) lib/rails/rack/logger.rb:38:in `call_app'
railties (5.2.0) lib/rails/rack/logger.rb:26:in `block in call'
activesupport (5.2.0) lib/active_support/tagged_logging.rb:71:in `block in tagged'
activesupport (5.2.0) lib/active_support/tagged_logging.rb:28:in `tagged'
activesupport (5.2.0) lib/active_support/tagged_logging.rb:71:in `tagged'
railties (5.2.0) lib/rails/rack/logger.rb:26:in `call'
actionpack (5.2.0) lib/action_dispatch/middleware/remote_ip.rb:81:in `call'
actionpack (5.2.0) lib/action_dispatch/middleware/request_id.rb:27:in `call'
rack (2.0.5) lib/rack/runtime.rb:22:in `call'
activesupport (5.2.0) lib/active_support/cache/strategy/local_cache_middleware.rb:29:in `call'
actionpack (5.2.0) lib/action_dispatch/middleware/executor.rb:14:in `call'
actionpack (5.2.0) lib/action_dispatch/middleware/static.rb:127:in `call'
rack (2.0.5) lib/rack/sendfile.rb:111:in `call'
railties (5.2.0) lib/rails/engine.rb:524:in `call'
puma (3.11.4) lib/puma/configuration.rb:225:in `call'
puma (3.11.4) lib/puma/server.rb:632:in `handle_request'
puma (3.11.4) lib/puma/server.rb:446:in `process_client'
puma (3.11.4) lib/puma/server.rb:306:in `block in run'
puma (3.11.4) lib/puma/thread_pool.rb:120:in `block in spawn_thread'
Started GET "/create" for 127.0.0.1 at 2018-05-25 10:12:39 -0400
  
ActionController::RoutingError (No route matches [GET] "/create"):
  
actionpack (5.2.0) lib/action_dispatch/middleware/debug_exceptions.rb:65:in `call'
actionpack (5.2.0) lib/action_dispatch/middleware/show_exceptions.rb:33:in `call'
railties (5.2.0) lib/rails/rack/logger.rb:38:in `call_app'
railties (5.2.0) lib/rails/rack/logger.rb:26:in `block in call'
activesupport (5.2.0) lib/active_support/tagged_logging.rb:71:in `block in tagged'
activesupport (5.2.0) lib/active_support/tagged_logging.rb:28:in `tagged'
activesupport (5.2.0) lib/active_support/tagged_logging.rb:71:in `tagged'
railties (5.2.0) lib/rails/rack/logger.rb:26:in `call'
actionpack (5.2.0) lib/action_dispatch/middleware/remote_ip.rb:81:in `call'
actionpack (5.2.0) lib/action_dispatch/middleware/request_id.rb:27:in `call'
rack (2.0.5) lib/rack/runtime.rb:22:in `call'
activesupport (5.2.0) lib/active_support/cache/strategy/local_cache_middleware.rb:29:in `call'
actionpack (5.2.0) lib/action_dispatch/middleware/executor.rb:14:in `call'
actionpack (5.2.0) lib/action_dispatch/middleware/static.rb:127:in `call'
rack (2.0.5) lib/rack/sendfile.rb:111:in `call'
railties (5.2.0) lib/rails/engine.rb:524:in `call'
puma (3.11.4) lib/puma/configuration.rb:225:in `call'
puma (3.11.4) lib/puma/server.rb:632:in `handle_request'
puma (3.11.4) lib/puma/server.rb:446:in `process_client'
puma (3.11.4) lib/puma/server.rb:306:in `block in run'
puma (3.11.4) lib/puma/thread_pool.rb:120:in `block in spawn_thread'
Started GET "/spaces" for 127.0.0.1 at 2018-05-25 10:12:52 -0400
Processing by SpacesController#index as */*
Completed 200 OK in 3ms (Views: 0.9ms | ActiveRecord: 0.0ms)


Started GET "/" for 127.0.0.1 at 2018-05-25 10:39:02 -0400
Processing by Rails::WelcomeController#index as HTML
  Rendering /usr/local/lib/ruby/gems/2.5.0/gems/railties-5.2.0/lib/rails/templates/rails/welcome/index.html.erb
  Rendered /usr/local/lib/ruby/gems/2.5.0/gems/railties-5.2.0/lib/rails/templates/rails/welcome/index.html.erb (11.1ms)
Completed 200 OK in 42ms (Views: 34.1ms | ActiveRecord: 0.0ms)


Started GET "/favicon.ico" for 127.0.0.1 at 2018-05-25 10:39:03 -0400
  
ActionController::RoutingError (No route matches [GET] "/favicon.ico"):
  
actionpack (5.2.0) lib/action_dispatch/middleware/debug_exceptions.rb:65:in `call'
actionpack (5.2.0) lib/action_dispatch/middleware/show_exceptions.rb:33:in `call'
railties (5.2.0) lib/rails/rack/logger.rb:38:in `call_app'
railties (5.2.0) lib/rails/rack/logger.rb:26:in `block in call'
activesupport (5.2.0) lib/active_support/tagged_logging.rb:71:in `block in tagged'
activesupport (5.2.0) lib/active_support/tagged_logging.rb:28:in `tagged'
activesupport (5.2.0) lib/active_support/tagged_logging.rb:71:in `tagged'
railties (5.2.0) lib/rails/rack/logger.rb:26:in `call'
actionpack (5.2.0) lib/action_dispatch/middleware/remote_ip.rb:81:in `call'
actionpack (5.2.0) lib/action_dispatch/middleware/request_id.rb:27:in `call'
rack (2.0.5) lib/rack/runtime.rb:22:in `call'
activesupport (5.2.0) lib/active_support/cache/strategy/local_cache_middleware.rb:29:in `call'
actionpack (5.2.0) lib/action_dispatch/middleware/executor.rb:14:in `call'
actionpack (5.2.0) lib/action_dispatch/middleware/static.rb:127:in `call'
rack (2.0.5) lib/rack/sendfile.rb:111:in `call'
rack-cors (1.0.2) lib/rack/cors.rb:97:in `call'
railties (5.2.0) lib/rails/engine.rb:524:in `call'
puma (3.11.4) lib/puma/configuration.rb:225:in `call'
puma (3.11.4) lib/puma/server.rb:632:in `handle_request'
puma (3.11.4) lib/puma/server.rb:446:in `process_client'
puma (3.11.4) lib/puma/server.rb:306:in `block in run'
puma (3.11.4) lib/puma/thread_pool.rb:120:in `block in spawn_thread'
Started GET "/spaces" for 127.0.0.1 at 2018-05-25 10:39:07 -0400
Processing by SpacesController#index as HTML
Completed 200 OK in 1ms (Views: 0.2ms | ActiveRecord: 0.0ms)


Started GET "/spaces" for 127.0.0.1 at 2018-05-25 10:41:19 -0400
Processing by SpacesController#index as */*
Completed 200 OK in 8ms (Views: 4.9ms | ActiveRecord: 0.0ms)


Started GET "/spaces" for 127.0.0.1 at 2018-05-25 10:57:59 -0400
Processing by SpacesController#index as */*
Completed 200 OK in 1ms (Views: 0.2ms | ActiveRecord: 0.0ms)


Started GET "/spaces" for 127.0.0.1 at 2018-05-25 11:15:09 -0400
Processing by SpacesController#index as */*
Completed 200 OK in 6ms (Views: 1.4ms | ActiveRecord: 0.0ms)


Started GET "/spaces" for 127.0.0.1 at 2018-05-25 11:56:19 -0400
Processing by SpacesController#index as */*
Completed 200 OK in 6ms (Views: 1.0ms | ActiveRecord: 0.0ms)


Started GET "/spaces" for 127.0.0.1 at 2018-05-25 11:57:07 -0400
Processing by SpacesController#index as */*
Completed 200 OK in 1ms (Views: 0.2ms | ActiveRecord: 0.0ms)


Started GET "/spaces" for 127.0.0.1 at 2018-05-25 11:57:21 -0400
Processing by SpacesController#index as */*
Completed 200 OK in 1ms (Views: 0.2ms | ActiveRecord: 0.0ms)


Started GET "/spaces" for 127.0.0.1 at 2018-05-25 11:59:06 -0400
Processing by SpacesController#index as */*
Completed 200 OK in 1ms (Views: 0.2ms | ActiveRecord: 0.0ms)


Started GET "/spaces" for 127.0.0.1 at 2018-05-25 12:00:05 -0400
Processing by SpacesController#index as */*
Completed 200 OK in 1ms (Views: 0.2ms | ActiveRecord: 0.0ms)


Started GET "/spaces" for 127.0.0.1 at 2018-05-25 12:00:30 -0400
Processing by SpacesController#index as */*
Completed 200 OK in 1ms (Views: 0.3ms | ActiveRecord: 0.0ms)


Started GET "/spaces" for 127.0.0.1 at 2018-05-25 12:01:53 -0400
Processing by SpacesController#index as */*
Completed 200 OK in 1ms (Views: 0.2ms | ActiveRecord: 0.0ms)


Started GET "/spaces" for 127.0.0.1 at 2018-05-25 12:02:53 -0400
Processing by SpacesController#index as */*
Completed 200 OK in 5ms (Views: 1.5ms | ActiveRecord: 0.0ms)


Started GET "/spaces" for 127.0.0.1 at 2018-05-25 12:09:48 -0400
Processing by SpacesController#index as */*
Completed 200 OK in 4ms (Views: 1.0ms | ActiveRecord: 0.0ms)


Started GET "/spaces" for 127.0.0.1 at 2018-05-25 12:17:14 -0400
Processing by SpacesController#index as */*
Completed 200 OK in 7ms (Views: 1.4ms | ActiveRecord: 0.0ms)


Started GET "/spaces" for 127.0.0.1 at 2018-05-25 13:13:31 -0400
Processing by SpacesController#index as */*
Completed 200 OK in 21ms (Views: 2.0ms | ActiveRecord: 0.0ms)


Started GET "/spaces" for 127.0.0.1 at 2018-05-25 13:13:56 -0400
Processing by SpacesController#index as */*
Completed 200 OK in 1ms (Views: 0.1ms | ActiveRecord: 0.0ms)


Started GET "/spaces" for 127.0.0.1 at 2018-05-25 13:14:14 -0400
Processing by SpacesController#index as */*
Completed 200 OK in 1ms (Views: 0.1ms | ActiveRecord: 0.0ms)


Started GET "/spaces" for 127.0.0.1 at 2018-05-25 13:25:15 -0400
Processing by SpacesController#index as */*
Completed 200 OK in 12ms (Views: 4.9ms | ActiveRecord: 0.0ms)


Started GET "/spaces" for 127.0.0.1 at 2018-05-25 13:34:14 -0400
Processing by SpacesController#index as */*
Completed 200 OK in 6ms (Views: 1.2ms | ActiveRecord: 0.0ms)


Started GET "/spaces" for 127.0.0.1 at 2018-05-25 22:46:30 -0400
Processing by SpacesController#index as */*
Completed 200 OK in 113ms (Views: 55.1ms | ActiveRecord: 0.0ms)


Started GET "/spaces" for 127.0.0.1 at 2018-05-25 22:47:01 -0400
Processing by SpacesController#index as */*
Completed 200 OK in 27ms (Views: 21.7ms | ActiveRecord: 0.0ms)


Started GET "/spaces" for 127.0.0.1 at 2018-05-25 22:47:05 -0400
Processing by SpacesController#index as */*
Completed 200 OK in 5ms (Views: 0.1ms | ActiveRecord: 0.0ms)


Started GET "/spaces" for 127.0.0.1 at 2018-05-26 03:10:29 -0400
Processing by SpacesController#index as */*
Completed 200 OK in 18ms (Views: 8.3ms | ActiveRecord: 0.0ms)


Started GET "/spaces" for 127.0.0.1 at 2018-05-26 03:28:12 -0400
Processing by SpacesController#index as */*
Completed 200 OK in 10ms (Views: 6.7ms | ActiveRecord: 0.0ms)


Started GET "/spaces" for 127.0.0.1 at 2018-05-26 17:08:41 -0400
Processing by SpacesController#index as */*
Completed 200 OK in 54ms (Views: 17.0ms | ActiveRecord: 0.0ms)


Started GET "/spaces" for 127.0.0.1 at 2018-05-26 17:08:50 -0400
Processing by SpacesController#index as */*
Completed 200 OK in 9ms (Views: 0.2ms | ActiveRecord: 0.0ms)


Started GET "/spaces" for 127.0.0.1 at 2018-05-26 17:17:05 -0400
Processing by SpacesController#index as */*
Completed 200 OK in 24ms (Views: 6.6ms | ActiveRecord: 0.0ms)


Started GET "/spaces" for 127.0.0.1 at 2018-05-26 17:17:09 -0400
Processing by SpacesController#index as */*
Completed 200 OK in 20ms (Views: 19.3ms | ActiveRecord: 0.0ms)


Started GET "/spaces" for 127.0.0.1 at 2018-05-26 17:19:08 -0400
Processing by SpacesController#index as */*
Completed 200 OK in 18ms (Views: 4.4ms | ActiveRecord: 0.0ms)


Started GET "/spaces" for 127.0.0.1 at 2018-05-26 17:19:10 -0400
Processing by SpacesController#index as */*
Completed 200 OK in 8ms (Views: 4.9ms | ActiveRecord: 0.0ms)


Started GET "/spaces" for 127.0.0.1 at 2018-05-26 17:20:28 -0400
Processing by SpacesController#index as */*
Completed 200 OK in 20ms (Views: 0.2ms | ActiveRecord: 0.0ms)


Started GET "/spaces" for 127.0.0.1 at 2018-05-26 17:21:16 -0400
Processing by SpacesController#index as */*
Completed 200 OK in 34ms (Views: 8.0ms | ActiveRecord: 0.0ms)


Started GET "/spaces" for 127.0.0.1 at 2018-05-26 17:22:02 -0400
Processing by SpacesController#index as */*
Completed 200 OK in 27ms (Views: 2.1ms | ActiveRecord: 0.0ms)


Started GET "/spaces" for 127.0.0.1 at 2018-05-26 17:22:09 -0400
Processing by SpacesController#index as */*
Completed 200 OK in 14ms (Views: 0.5ms | ActiveRecord: 0.0ms)


Started GET "/spaces" for 127.0.0.1 at 2018-05-26 17:23:43 -0400
Processing by SpacesController#index as */*
Completed 200 OK in 7ms (Views: 1.6ms | ActiveRecord: 0.0ms)


Started GET "/spaces" for 127.0.0.1 at 2018-05-26 17:23:57 -0400
Processing by SpacesController#index as */*
Completed 200 OK in 7ms (Views: 0.1ms | ActiveRecord: 0.0ms)


Started GET "/spaces" for 127.0.0.1 at 2018-05-26 17:29:31 -0400
Processing by SpacesController#index as */*
Completed 200 OK in 10ms (Views: 2.4ms | ActiveRecord: 0.0ms)


Started GET "/spaces" for 127.0.0.1 at 2018-05-26 17:31:21 -0400
Processing by SpacesController#index as */*
Completed 200 OK in 33ms (Views: 1.9ms | ActiveRecord: 0.0ms)


Started GET "/spaces" for 127.0.0.1 at 2018-05-26 17:32:03 -0400
Processing by SpacesController#index as */*
Completed 200 OK in 5ms (Views: 1.7ms | ActiveRecord: 0.0ms)


Started GET "/spaces" for 127.0.0.1 at 2018-05-26 17:34:12 -0400
Processing by SpacesController#index as */*
Completed 200 OK in 13ms (Views: 1.5ms | ActiveRecord: 0.0ms)


Started GET "/spaces" for 127.0.0.1 at 2018-05-26 17:41:28 -0400
Processing by SpacesController#index as */*
Completed 200 OK in 14ms (Views: 6.1ms | ActiveRecord: 0.0ms)


Started GET "/spaces" for 127.0.0.1 at 2018-05-26 17:41:45 -0400
Processing by SpacesController#index as */*
Completed 200 OK in 9ms (Views: 0.1ms | ActiveRecord: 0.0ms)


Started GET "/spaces" for 127.0.0.1 at 2018-05-26 18:37:46 -0400
Processing by SpacesController#index as */*
Completed 200 OK in 46ms (Views: 35.9ms | ActiveRecord: 0.0ms)


Started GET "/spaces" for 127.0.0.1 at 2018-05-27 18:02:52 -0400
Processing by SpacesController#index as */*
Completed 200 OK in 5ms (Views: 1.1ms | ActiveRecord: 0.0ms)


Started GET "/spaces" for 127.0.0.1 at 2018-05-27 18:03:05 -0400
Processing by SpacesController#index as */*
Completed 200 OK in 3ms (Views: 0.1ms | ActiveRecord: 0.0ms)


Started GET "/spaces" for 127.0.0.1 at 2018-05-27 18:03:53 -0400
Processing by SpacesController#index as */*
Completed 200 OK in 3ms (Views: 0.3ms | ActiveRecord: 0.0ms)


Started GET "/spaces" for 127.0.0.1 at 2018-05-27 18:05:00 -0400
Processing by SpacesController#index as */*
Completed 200 OK in 13ms (Views: 1.6ms | ActiveRecord: 0.0ms)


Started GET "/spaces" for 127.0.0.1 at 2018-05-27 18:06:15 -0400
Processing by SpacesController#index as */*
Completed 200 OK in 3ms (Views: 3.0ms | ActiveRecord: 0.0ms)


Started GET "/spaces" for 127.0.0.1 at 2018-05-27 18:06:39 -0400
Processing by SpacesController#index as */*
Completed 200 OK in 4ms (Views: 0.2ms | ActiveRecord: 0.0ms)


Started GET "/spaces" for 127.0.0.1 at 2018-05-27 18:07:03 -0400
Processing by SpacesController#index as */*
Completed 200 OK in 1ms (Views: 0.1ms | ActiveRecord: 0.0ms)


Started GET "/spaces" for 127.0.0.1 at 2018-05-27 18:07:13 -0400
Processing by SpacesController#index as */*
Completed 200 OK in 8ms (Views: 7.7ms | ActiveRecord: 0.0ms)


Started GET "/spaces" for 127.0.0.1 at 2018-05-27 18:17:49 -0400
Processing by SpacesController#index as */*
Completed 200 OK in 3ms (Views: 1.1ms | ActiveRecord: 0.0ms)


Started GET "/spaces" for 127.0.0.1 at 2018-05-27 18:26:18 -0400
Processing by SpacesController#index as */*
Completed 200 OK in 6ms (Views: 1.0ms | ActiveRecord: 0.0ms)


Started GET "/spaces" for 127.0.0.1 at 2018-05-27 18:26:26 -0400
Processing by SpacesController#index as */*
Completed 200 OK in 9ms (Views: 4.4ms | ActiveRecord: 0.0ms)


Started GET "/spaces" for 127.0.0.1 at 2018-05-27 18:27:48 -0400
Processing by SpacesController#index as */*
Completed 200 OK in 1ms (Views: 0.1ms | ActiveRecord: 0.0ms)


Started GET "/spaces" for 127.0.0.1 at 2018-05-27 18:28:44 -0400
Processing by SpacesController#index as */*
Completed 200 OK in 5ms (Views: 0.2ms | ActiveRecord: 0.0ms)


Started GET "/spaces" for 127.0.0.1 at 2018-05-27 18:32:41 -0400
Processing by SpacesController#index as */*
Completed 200 OK in 8ms (Views: 3.4ms | ActiveRecord: 0.0ms)


Started GET "/spaces" for 127.0.0.1 at 2018-05-27 18:32:49 -0400
Processing by SpacesController#index as */*
Completed 200 OK in 1ms (Views: 0.1ms | ActiveRecord: 0.0ms)


Started GET "/spaces" for 127.0.0.1 at 2018-05-27 18:33:11 -0400
Processing by SpacesController#index as */*
Completed 200 OK in 1ms (Views: 0.1ms | ActiveRecord: 0.0ms)


Started GET "/spaces" for 127.0.0.1 at 2018-05-27 18:41:04 -0400
Processing by SpacesController#index as */*
Completed 200 OK in 7ms (Views: 1.5ms | ActiveRecord: 0.0ms)


Started GET "/spaces" for 127.0.0.1 at 2018-05-27 18:43:19 -0400
Processing by SpacesController#index as */*
Completed 200 OK in 2ms (Views: 0.2ms | ActiveRecord: 0.0ms)


Started GET "/spaces" for 127.0.0.1 at 2018-05-27 18:49:06 -0400
Processing by SpacesController#index as */*
Completed 200 OK in 15ms (Views: 3.7ms | ActiveRecord: 0.0ms)


Started GET "/spaces" for 127.0.0.1 at 2018-05-27 18:49:20 -0400
Processing by SpacesController#index as */*
Completed 200 OK in 9ms (Views: 0.4ms | ActiveRecord: 0.0ms)


Started GET "/spaces" for 127.0.0.1 at 2018-05-27 18:49:25 -0400
Processing by SpacesController#index as */*
Completed 200 OK in 9ms (Views: 0.4ms | ActiveRecord: 0.0ms)


Started GET "/spaces" for 127.0.0.1 at 2018-05-27 18:50:45 -0400
Processing by SpacesController#index as */*
Completed 200 OK in 1ms (Views: 0.2ms | ActiveRecord: 0.0ms)


Started GET "/spaces" for 127.0.0.1 at 2018-05-27 18:53:01 -0400
Processing by SpacesController#index as */*
Completed 200 OK in 7ms (Views: 1.9ms | ActiveRecord: 0.0ms)


Started GET "/spaces" for 127.0.0.1 at 2018-05-27 18:53:32 -0400
Processing by SpacesController#index as */*
Completed 200 OK in 1ms (Views: 0.1ms | ActiveRecord: 0.0ms)


Started GET "/spaces" for 127.0.0.1 at 2018-05-27 18:53:34 -0400
Processing by SpacesController#index as */*
Completed 200 OK in 1ms (Views: 0.1ms | ActiveRecord: 0.0ms)


Started GET "/spaces" for 127.0.0.1 at 2018-05-27 18:54:03 -0400
Processing by SpacesController#index as */*
Completed 200 OK in 11ms (Views: 4.6ms | ActiveRecord: 0.0ms)


Started GET "/spaces" for 127.0.0.1 at 2018-05-27 18:54:55 -0400
Processing by SpacesController#index as */*
Completed 200 OK in 1ms (Views: 0.2ms | ActiveRecord: 0.0ms)


Started GET "/spaces" for 127.0.0.1 at 2018-05-27 18:55:56 -0400
Processing by SpacesController#index as */*
Completed 200 OK in 34ms (Views: 1.4ms | ActiveRecord: 0.0ms)


Started GET "/spaces" for 127.0.0.1 at 2018-05-27 19:26:07 -0400
Processing by SpacesController#index as */*
Completed 200 OK in 19ms (Views: 6.3ms | ActiveRecord: 0.0ms)


Started GET "/spaces" for 127.0.0.1 at 2018-05-27 19:26:27 -0400
Processing by SpacesController#index as */*
Completed 200 OK in 1ms (Views: 0.1ms | ActiveRecord: 0.0ms)


Started GET "/spaces" for 127.0.0.1 at 2018-05-27 19:27:45 -0400
Processing by SpacesController#index as */*
Completed 200 OK in 6ms (Views: 1.5ms | ActiveRecord: 0.0ms)


Started GET "/spaces" for 127.0.0.1 at 2018-05-27 19:28:30 -0400
Processing by SpacesController#index as */*
Completed 200 OK in 7ms (Views: 3.0ms | ActiveRecord: 0.0ms)


Started GET "/spaces" for 127.0.0.1 at 2018-05-27 19:29:03 -0400
Processing by SpacesController#index as */*
Completed 200 OK in 1ms (Views: 0.2ms | ActiveRecord: 0.0ms)


Started GET "/spaces" for 127.0.0.1 at 2018-05-27 19:29:34 -0400
Processing by SpacesController#index as */*
Completed 200 OK in 7ms (Views: 3.8ms | ActiveRecord: 0.0ms)


Started GET "/spaces" for 127.0.0.1 at 2018-05-27 19:45:48 -0400
Processing by SpacesController#index as */*
Completed 200 OK in 5ms (Views: 1.7ms | ActiveRecord: 0.0ms)


